<?xml version="1.0" encoding="UTF-8"?>
<coverage generated="1773785599815" clover="3.2.0">
  <project timestamp="1773785599815" name="All files">
    <metrics statements="69" coveredstatements="64" conditionals="14" coveredconditionals="10" methods="25" coveredmethods="21" elements="108" coveredelements="95" complexity="0" loc="69" ncloc="69" packages="9" files="11" classes="11"/>
    <package name="src">
      <metrics statements="3" coveredstatements="3" conditionals="0" coveredconditionals="0" methods="1" coveredmethods="1"/>
      <file name="GifsApp.tsx" path="/Users/michaelblanco/Desktop/Curso-React/CursoReact/src/GifsApp.tsx">
        <metrics statements="3" coveredstatements="3" conditionals="0" coveredconditionals="0" methods="1" coveredmethods="1"/>
        <line num="7" count="1" type="stmt"/>
        <line num="9" count="1" type="stmt"/>
        <line num="11" count="1" type="stmt"/>
      </file>
    </package>
    <package name="src.counter.components">
      <metrics statements="3" coveredstatements="3" conditionals="0" coveredconditionals="0" methods="1" coveredmethods="1"/>
      <file name="MyCounterApp.tsx" path="/Users/michaelblanco/Desktop/Curso-React/CursoReact/src/counter/components/MyCounterApp.tsx">
        <metrics statements="3" coveredstatements="3" conditionals="0" coveredconditionals="0" methods="1" coveredmethods="1"/>
        <line num="3" count="2" type="stmt"/>
        <line num="5" count="7" type="stmt"/>
        <line num="7" count="7" type="stmt"/>
      </file>
    </package>
    <package name="src.counter.hooks">
      <metrics statements="9" coveredstatements="9" conditionals="1" coveredconditionals="1" methods="5" coveredmethods="5"/>
      <file name="useCounter.tsx" path="/Users/michaelblanco/Desktop/Curso-React/CursoReact/src/counter/hooks/useCounter.tsx">
        <metrics statements="9" coveredstatements="9" conditionals="1" coveredconditionals="1" methods="5" coveredmethods="5"/>
        <line num="3" count="2" type="cond" truecount="1" falsecount="0"/>
        <line num="5" count="12" type="stmt"/>
        <line num="7" count="12" type="stmt"/>
        <line num="8" count="2" type="stmt"/>
        <line num="11" count="12" type="stmt"/>
        <line num="12" count="2" type="stmt"/>
        <line num="15" count="12" type="stmt"/>
        <line num="16" count="1" type="stmt"/>
        <line num="19" count="12" type="stmt"/>
      </file>
    </package>
    <package name="src.gifs.actions">
      <metrics statements="8" coveredstatements="8" conditionals="2" coveredconditionals="2" methods="2" coveredmethods="2"/>
      <file name="get-gifs-by-query.action.ts" path="/Users/michaelblanco/Desktop/Curso-React/CursoReact/src/gifs/actions/get-gifs-by-query.action.ts">
        <metrics statements="8" coveredstatements="8" conditionals="2" coveredconditionals="2" methods="2" coveredmethods="2"/>
        <line num="6" count="3" type="stmt"/>
        <line num="8" count="6" type="cond" truecount="2" falsecount="0"/>
        <line num="9" count="1" type="stmt"/>
        <line num="12" count="5" type="stmt"/>
        <line num="14" count="5" type="stmt"/>
        <line num="22" count="40" type="stmt"/>
        <line num="31" count="1" type="stmt"/>
        <line num="32" count="1" type="stmt"/>
      </file>
    </package>
    <package name="src.gifs.api">
      <metrics statements="1" coveredstatements="1" conditionals="0" coveredconditionals="0" methods="0" coveredmethods="0"/>
      <file name="giphy.api.ts" path="/Users/michaelblanco/Desktop/Curso-React/CursoReact/src/gifs/api/giphy.api.ts">
        <metrics statements="1" coveredstatements="1" conditionals="0" coveredconditionals="0" methods="0" coveredmethods="0"/>
        <line num="3" count="4" type="stmt"/>
      </file>
    </package>
    <package name="src.gifs.components">
      <metrics statements="7" coveredstatements="4" conditionals="0" coveredconditionals="0" methods="5" coveredmethods="2"/>
      <file name="GifList.tsx" path="/Users/michaelblanco/Desktop/Curso-React/CursoReact/src/gifs/components/GifList.tsx">
        <metrics statements="3" coveredstatements="2" conditionals="0" coveredconditionals="0" methods="2" coveredmethods="1"/>
        <line num="7" count="1" type="stmt"/>
        <line num="8" count="1" type="stmt"/>
        <line num="11" count="0" type="stmt"/>
      </file>
      <file name="PreviousSearches.tsx" path="/Users/michaelblanco/Desktop/Curso-React/CursoReact/src/gifs/components/PreviousSearches.tsx">
        <metrics statements="4" coveredstatements="2" conditionals="0" coveredconditionals="0" methods="3" coveredmethods="1"/>
        <line num="8" count="1" type="stmt"/>
        <line num="9" count="1" type="stmt"/>
        <line num="14" count="0" type="stmt"/>
        <line num="16" count="0" type="stmt"/>
      </file>
    </package>
    <package name="src.gifs.hooks">
      <metrics statements="20" coveredstatements="20" conditionals="6" coveredconditionals="4" methods="3" coveredmethods="3"/>
      <file name="useGifs.tsx" path="/Users/michaelblanco/Desktop/Curso-React/CursoReact/src/gifs/hooks/useGifs.tsx">
        <metrics statements="20" coveredstatements="20" conditionals="6" coveredconditionals="4" methods="3" coveredmethods="3"/>
        <line num="7" count="2" type="stmt"/>
        <line num="9" count="19" type="stmt"/>
        <line num="10" count="19" type="stmt"/>
        <line num="12" count="19" type="stmt"/>
        <line num="14" count="19" type="stmt"/>
        <line num="16" count="3" type="cond" truecount="2" falsecount="0"/>
        <line num="17" count="1" type="stmt"/>
        <line num="18" count="1" type="stmt"/>
        <line num="22" count="2" type="stmt"/>
        <line num="23" count="2" type="stmt"/>
        <line num="24" count="2" type="stmt"/>
        <line num="27" count="19" type="stmt"/>
        <line num="28" count="10" type="stmt"/>
        <line num="30" count="10" type="cond" truecount="1" falsecount="1"/>
        <line num="32" count="10" type="cond" truecount="1" falsecount="1"/>
        <line num="34" count="10" type="stmt"/>
        <line num="36" count="10" type="stmt"/>
        <line num="38" count="10" type="stmt"/>
        <line num="40" count="10" type="stmt"/>
        <line num="46" count="19" type="stmt"/>
      </file>
    </package>
    <package name="src.shared.components">
      <metrics statements="17" coveredstatements="15" conditionals="5" coveredconditionals="3" methods="8" coveredmethods="7"/>
      <file name="CustomHeader.tsx" path="/Users/michaelblanco/Desktop/Curso-React/CursoReact/src/shared/components/CustomHeader.tsx">
        <metrics statements="2" coveredstatements="2" conditionals="2" coveredconditionals="2" methods="1" coveredmethods="1"/>
        <line num="7" count="2" type="stmt"/>
        <line num="8" count="4" type="stmt"/>
      </file>
      <file name="SearchBar.tsx" path="/Users/michaelblanco/Desktop/Curso-React/CursoReact/src/shared/components/SearchBar.tsx">
        <metrics statements="15" coveredstatements="13" conditionals="3" coveredconditionals="1" methods="7" coveredmethods="6"/>
        <line num="8" count="2" type="cond" truecount="1" falsecount="0"/>
        <line num="10" count="13" type="stmt"/>
        <line num="12" count="13" type="stmt"/>
        <line num="16" count="13" type="stmt"/>
        <line num="17" count="2" type="stmt"/>
        <line num="21" count="13" type="stmt"/>
        <line num="22" count="13" type="stmt"/>
        <line num="27" count="13" type="stmt"/>
        <line num="28" count="1" type="stmt"/>
        <line num="29" count="1" type="stmt"/>
        <line num="32" count="13" type="stmt"/>
        <line num="33" count="0" type="cond" truecount="0" falsecount="2"/>
        <line num="34" count="0" type="stmt"/>
        <line num="38" count="13" type="stmt"/>
        <line num="45" count="6" type="stmt"/>
      </file>
    </package>
    <package name="tests.mocks">
      <metrics statements="1" coveredstatements="1" conditionals="0" coveredconditionals="0" methods="0" coveredmethods="0"/>
      <file name="giphy.response.data.ts" path="/Users/michaelblanco/Desktop/Curso-React/CursoReact/tests/mocks/giphy.response.data.ts">
        <metrics statements="1" coveredstatements="1" conditionals="0" coveredconditionals="0" methods="0" coveredmethods="0"/>
        <line num="1" count="1" type="stmt"/>
      </file>
    </package>
  </project>
</coverage>
