{"/Users/michaelblanco/Desktop/Curso-React/CursoReact/src/FirstStepsApp.tsx": {"path":"/Users/michaelblanco/Desktop/Curso-React/CursoReact/src/FirstStepsApp.tsx","statementMap":{"0":{"start":{"line":8,"column":34},"end":{"line":12,"column":null}},"1":{"start":{"line":15,"column":4},"end":{"line":21,"column":51}},"2":{"start":{"line":20,"column":58},"end":{"line":21,"column":51}}},"fnMap":{"0":{"name":"FirstStepsApp","decl":{"start":{"line":14,"column":16},"end":{"line":14,"column":null}},"loc":{"start":{"line":14,"column":16},"end":{"line":30,"column":null}},"line":14},"1":{"name":"(anonymous_1)","decl":{"start":{"line":20,"column":32},"end":{"line":20,"column":33}},"loc":{"start":{"line":20,"column":58},"end":{"line":21,"column":51}},"line":20}},"branchMap":{},"s":{"0":1,"1":3,"2":9},"f":{"0":3,"1":9},"b":{},"meta":{"lastBranch":0,"lastFunction":2,"lastStatement":3,"seen":{"s:8:34:12:Infinity":0,"f:14:16:14:Infinity":0,"s:15:4:21:51":1,"f:20:32:20:33":1,"s:20:58:21:51":2}}}
,"/Users/michaelblanco/Desktop/Curso-React/CursoReact/src/MyAwesomeApp.tsx": {"path":"/Users/michaelblanco/Desktop/Curso-React/CursoReact/src/MyAwesomeApp.tsx","statementMap":{"0":{"start":{"line":3,"column":18},"end":{"line":3,"column":null}},"1":{"start":{"line":4,"column":17},"end":{"line":4,"column":null}},"2":{"start":{"line":6,"column":22},"end":{"line":6,"column":null}},"3":{"start":{"line":7,"column":17},"end":{"line":7,"column":null}},"4":{"start":{"line":9,"column":16},"end":{"line":12,"column":null}},"5":{"start":{"line":14,"column":32},"end":{"line":19,"column":null}},"6":{"start":{"line":23,"column":4},"end":{"line":33,"column":null}}},"fnMap":{"0":{"name":"MyAwesomeApp","decl":{"start":{"line":21,"column":16},"end":{"line":21,"column":null}},"loc":{"start":{"line":21,"column":16},"end":{"line":38,"column":null}},"line":21}},"branchMap":{"0":{"loc":{"start":{"line":30,"column":17},"end":{"line":30,"column":null}},"type":"cond-expr","locations":[{"start":{"line":30,"column":28},"end":{"line":30,"column":39}},{"start":{"line":30,"column":39},"end":{"line":30,"column":null}}],"line":30}},"s":{"0":1,"1":1,"2":1,"3":1,"4":1,"5":1,"6":4},"f":{"0":4},"b":{"0":[0,4]},"meta":{"lastBranch":1,"lastFunction":1,"lastStatement":7,"seen":{"s:3:18:3:Infinity":0,"s:4:17:4:Infinity":1,"s:6:22:6:Infinity":2,"s:7:17:7:Infinity":3,"s:9:16:12:Infinity":4,"s:14:32:19:Infinity":5,"f:21:16:21:Infinity":0,"s:23:4:33:Infinity":6,"b:30:28:30:39:30:39:30:Infinity":0}}}
,"/Users/michaelblanco/Desktop/Curso-React/CursoReact/src/helpers/math.helper.ts": {"path":"/Users/michaelblanco/Desktop/Curso-React/CursoReact/src/helpers/math.helper.ts","statementMap":{"0":{"start":{"line":2,"column":19},"end":{"line":5,"column":null}},"1":{"start":{"line":4,"column":4},"end":{"line":4,"column":null}},"2":{"start":{"line":7,"column":24},"end":{"line":9,"column":null}},"3":{"start":{"line":8,"column":4},"end":{"line":8,"column":null}},"4":{"start":{"line":11,"column":24},"end":{"line":13,"column":null}},"5":{"start":{"line":12,"column":4},"end":{"line":12,"column":null}},"6":{"start":{"line":15,"column":22},"end":{"line":17,"column":null}},"7":{"start":{"line":16,"column":4},"end":{"line":16,"column":null}}},"fnMap":{"0":{"name":"(anonymous_0)","decl":{"start":{"line":2,"column":19},"end":{"line":2,"column":20}},"loc":{"start":{"line":2,"column":31},"end":{"line":5,"column":null}},"line":2},"1":{"name":"(anonymous_1)","decl":{"start":{"line":7,"column":24},"end":{"line":7,"column":25}},"loc":{"start":{"line":7,"column":36},"end":{"line":9,"column":null}},"line":7},"2":{"name":"(anonymous_2)","decl":{"start":{"line":11,"column":24},"end":{"line":11,"column":25}},"loc":{"start":{"line":11,"column":36},"end":{"line":13,"column":null}},"line":11},"3":{"name":"(anonymous_3)","decl":{"start":{"line":15,"column":22},"end":{"line":15,"column":23}},"loc":{"start":{"line":15,"column":34},"end":{"line":17,"column":null}},"line":15}},"branchMap":{},"s":{"0":1,"1":2,"2":1,"3":2,"4":1,"5":2,"6":1,"7":1},"f":{"0":2,"1":2,"2":2,"3":1},"b":{},"meta":{"lastBranch":0,"lastFunction":4,"lastStatement":8,"seen":{"s:2:19:5:Infinity":0,"f:2:19:2:20":0,"s:4:4:4:Infinity":1,"s:7:24:9:Infinity":2,"f:7:24:7:25":1,"s:8:4:8:Infinity":3,"s:11:24:13:Infinity":4,"f:11:24:11:25":2,"s:12:4:12:Infinity":5,"s:15:22:17:Infinity":6,"f:15:22:15:23":3,"s:16:4:16:Infinity":7}}}
,"/Users/michaelblanco/Desktop/Curso-React/CursoReact/src/shopping-cart/ItemCounter.module.css": {"path":"/Users/michaelblanco/Desktop/Curso-React/CursoReact/src/shopping-cart/ItemCounter.module.css","statementMap":{},"fnMap":{},"branchMap":{},"s":{},"f":{},"b":{},"meta":{"lastBranch":0,"lastFunction":0,"lastStatement":0,"seen":{}}}
,"/Users/michaelblanco/Desktop/Curso-React/CursoReact/src/shopping-cart/ItemCounter.tsx": {"path":"/Users/michaelblanco/Desktop/Curso-React/CursoReact/src/shopping-cart/ItemCounter.tsx","statementMap":{"0":{"start":{"line":10,"column":27},"end":{"line":34,"column":null}},"1":{"start":{"line":12,"column":27},"end":{"line":12,"column":null}},"2":{"start":{"line":14,"column":22},"end":{"line":16,"column":null}},"3":{"start":{"line":15,"column":8},"end":{"line":15,"column":null}},"4":{"start":{"line":18,"column":28},"end":{"line":22,"column":null}},"5":{"start":{"line":19,"column":8},"end":{"line":19,"column":null}},"6":{"start":{"line":19,"column":25},"end":{"line":19,"column":null}},"7":{"start":{"line":21,"column":8},"end":{"line":21,"column":null}},"8":{"start":{"line":24,"column":4},"end":{"line":31,"column":null}}},"fnMap":{"0":{"name":"(anonymous_0)","decl":{"start":{"line":10,"column":27},"end":{"line":10,"column":28}},"loc":{"start":{"line":10,"column":57},"end":{"line":34,"column":null}},"line":10},"1":{"name":"(anonymous_1)","decl":{"start":{"line":14,"column":22},"end":{"line":14,"column":null}},"loc":{"start":{"line":14,"column":22},"end":{"line":16,"column":null}},"line":14},"2":{"name":"(anonymous_2)","decl":{"start":{"line":18,"column":28},"end":{"line":18,"column":null}},"loc":{"start":{"line":18,"column":28},"end":{"line":22,"column":null}},"line":18}},"branchMap":{"0":{"loc":{"start":{"line":10,"column":36},"end":{"line":10,"column":48}},"type":"default-arg","locations":[{"start":{"line":10,"column":47},"end":{"line":10,"column":48}}],"line":10},"1":{"loc":{"start":{"line":19,"column":8},"end":{"line":19,"column":null}},"type":"if","locations":[{"start":{"line":19,"column":8},"end":{"line":19,"column":null}},{"start":{},"end":{}}],"line":19},"2":{"loc":{"start":{"line":26,"column":62},"end":{"line":26,"column":92}},"type":"cond-expr","locations":[{"start":{"line":26,"column":76},"end":{"line":26,"column":84}},{"start":{"line":26,"column":84},"end":{"line":26,"column":92}}],"line":26}},"s":{"0":1,"1":9,"2":9,"3":1,"4":9,"5":2,"6":1,"7":1,"8":9},"f":{"0":9,"1":1,"2":2},"b":{"0":[9],"1":[1,1],"2":[4,5]},"meta":{"lastBranch":3,"lastFunction":3,"lastStatement":9,"seen":{"s:10:27:34:Infinity":0,"f:10:27:10:28":0,"b:10:47:10:48":0,"s:12:27:12:Infinity":1,"s:14:22:16:Infinity":2,"f:14:22:14:Infinity":1,"s:15:8:15:Infinity":3,"s:18:28:22:Infinity":4,"f:18:28:18:Infinity":2,"b:19:8:19:Infinity:undefined:undefined:undefined:undefined":1,"s:19:8:19:Infinity":5,"s:19:25:19:Infinity":6,"s:21:8:21:Infinity":7,"s:24:4:31:Infinity":8,"b:26:76:26:84:26:84:26:92":2}}}
}
