{"/Users/michaelblanco/Desktop/Curso-React/CursoReact/src/GifsApp.tsx": {"path":"/Users/michaelblanco/Desktop/Curso-React/CursoReact/src/GifsApp.tsx","statementMap":{"0":{"start":{"line":7,"column":23},"end":{"line":30,"column":null}},"1":{"start":{"line":9,"column":69},"end":{"line":9,"column":null}},"2":{"start":{"line":11,"column":4},"end":{"line":26,"column":null}}},"fnMap":{"0":{"name":"(anonymous_0)","decl":{"start":{"line":7,"column":23},"end":{"line":7,"column":null}},"loc":{"start":{"line":7,"column":23},"end":{"line":30,"column":null}},"line":7}},"branchMap":{},"s":{"0":1,"1":1,"2":1},"f":{"0":1},"b":{},"meta":{"lastBranch":0,"lastFunction":1,"lastStatement":3,"seen":{"s:7:23:30:Infinity":0,"f:7:23:7:Infinity":0,"s:9:69:9:Infinity":1,"s:11:4:26:Infinity":2}}}
,"/Users/michaelblanco/Desktop/Curso-React/CursoReact/src/counter/components/MyCounterApp.tsx": {"path":"/Users/michaelblanco/Desktop/Curso-React/CursoReact/src/counter/components/MyCounterApp.tsx","statementMap":{"0":{"start":{"line":3,"column":28},"end":{"line":24,"column":null}},"1":{"start":{"line":5,"column":61},"end":{"line":5,"column":null}},"2":{"start":{"line":7,"column":4},"end":{"line":16,"column":null}}},"fnMap":{"0":{"name":"(anonymous_0)","decl":{"start":{"line":3,"column":28},"end":{"line":3,"column":null}},"loc":{"start":{"line":3,"column":28},"end":{"line":24,"column":null}},"line":3}},"branchMap":{},"s":{"0":2,"1":7,"2":7},"f":{"0":7},"b":{},"meta":{"lastBranch":0,"lastFunction":1,"lastStatement":3,"seen":{"s:3:28:24:Infinity":0,"f:3:28:3:Infinity":0,"s:5:61:5:Infinity":1,"s:7:4:16:Infinity":2}}}
,"/Users/michaelblanco/Desktop/Curso-React/CursoReact/src/counter/hooks/useCounter.tsx": {"path":"/Users/michaelblanco/Desktop/Curso-React/CursoReact/src/counter/hooks/useCounter.tsx","statementMap":{"0":{"start":{"line":3,"column":26},"end":{"line":31,"column":null}},"1":{"start":{"line":5,"column":31},"end":{"line":5,"column":null}},"2":{"start":{"line":7,"column":22},"end":{"line":9,"column":null}},"3":{"start":{"line":8,"column":8},"end":{"line":8,"column":null}},"4":{"start":{"line":11,"column":27},"end":{"line":13,"column":null}},"5":{"start":{"line":12,"column":8},"end":{"line":12,"column":null}},"6":{"start":{"line":12,"column":32},"end":{"line":12,"column":null}},"7":{"start":{"line":15,"column":24},"end":{"line":17,"column":null}},"8":{"start":{"line":16,"column":8},"end":{"line":16,"column":null}},"9":{"start":{"line":19,"column":4},"end":{"line":29,"column":null}}},"fnMap":{"0":{"name":"(anonymous_0)","decl":{"start":{"line":3,"column":26},"end":{"line":3,"column":27}},"loc":{"start":{"line":3,"column":52},"end":{"line":31,"column":null}},"line":3},"1":{"name":"(anonymous_1)","decl":{"start":{"line":7,"column":22},"end":{"line":7,"column":null}},"loc":{"start":{"line":7,"column":22},"end":{"line":9,"column":null}},"line":7},"2":{"name":"(anonymous_2)","decl":{"start":{"line":11,"column":27},"end":{"line":11,"column":null}},"loc":{"start":{"line":11,"column":27},"end":{"line":13,"column":null}},"line":11},"3":{"name":"(anonymous_3)","decl":{"start":{"line":12,"column":19},"end":{"line":12,"column":32}},"loc":{"start":{"line":12,"column":32},"end":{"line":12,"column":null}},"line":12},"4":{"name":"(anonymous_4)","decl":{"start":{"line":15,"column":24},"end":{"line":15,"column":null}},"loc":{"start":{"line":15,"column":24},"end":{"line":17,"column":null}},"line":15}},"branchMap":{"0":{"loc":{"start":{"line":3,"column":27},"end":{"line":3,"column":52}},"type":"default-arg","locations":[{"start":{"line":3,"column":50},"end":{"line":3,"column":52}}],"line":3}},"s":{"0":2,"1":12,"2":12,"3":2,"4":12,"5":2,"6":2,"7":12,"8":1,"9":12},"f":{"0":12,"1":2,"2":2,"3":2,"4":1},"b":{"0":[12]},"meta":{"lastBranch":1,"lastFunction":5,"lastStatement":10,"seen":{"s:3:26:31:Infinity":0,"f:3:26:3:27":0,"b:3:50:3:52":0,"s:5:31:5:Infinity":1,"s:7:22:9:Infinity":2,"f:7:22:7:Infinity":1,"s:8:8:8:Infinity":3,"s:11:27:13:Infinity":4,"f:11:27:11:Infinity":2,"s:12:8:12:Infinity":5,"f:12:19:12:32":3,"s:12:32:12:Infinity":6,"s:15:24:17:Infinity":7,"f:15:24:15:Infinity":4,"s:16:8:16:Infinity":8,"s:19:4:29:Infinity":9}}}
,"/Users/michaelblanco/Desktop/Curso-React/CursoReact/src/gifs/actions/get-gifs-by-query.action.ts": {"path":"/Users/michaelblanco/Desktop/Curso-React/CursoReact/src/gifs/actions/get-gifs-by-query.action.ts","statementMap":{"0":{"start":{"line":6,"column":30},"end":{"line":37,"column":null}},"1":{"start":{"line":8,"column":4},"end":{"line":10,"column":null}},"2":{"start":{"line":9,"column":8},"end":{"line":9,"column":null}},"3":{"start":{"line":12,"column":4},"end":{"line":33,"column":null}},"4":{"start":{"line":14,"column":25},"end":{"line":20,"column":null}},"5":{"start":{"line":22,"column":8},"end":{"line":28,"column":null}},"6":{"start":{"line":22,"column":48},"end":{"line":28,"column":null}},"7":{"start":{"line":31,"column":8},"end":{"line":31,"column":null}},"8":{"start":{"line":32,"column":8},"end":{"line":32,"column":null}}},"fnMap":{"0":{"name":"(anonymous_0)","decl":{"start":{"line":6,"column":30},"end":{"line":6,"column":37}},"loc":{"start":{"line":6,"column":37},"end":{"line":37,"column":null}},"line":6},"1":{"name":"(anonymous_1)","decl":{"start":{"line":22,"column":38},"end":{"line":22,"column":39}},"loc":{"start":{"line":22,"column":48},"end":{"line":28,"column":null}},"line":22}},"branchMap":{"0":{"loc":{"start":{"line":8,"column":4},"end":{"line":10,"column":null}},"type":"if","locations":[{"start":{"line":8,"column":4},"end":{"line":10,"column":null}},{"start":{},"end":{}}],"line":8}},"s":{"0":3,"1":6,"2":1,"3":5,"4":5,"5":4,"6":40,"7":1,"8":1},"f":{"0":6,"1":40},"b":{"0":[1,5]},"meta":{"lastBranch":1,"lastFunction":2,"lastStatement":9,"seen":{"s:6:30:37:Infinity":0,"f:6:30:6:37":0,"b:8:4:10:Infinity:undefined:undefined:undefined:undefined":0,"s:8:4:10:Infinity":1,"s:9:8:9:Infinity":2,"s:12:4:33:Infinity":3,"s:14:25:20:Infinity":4,"s:22:8:28:Infinity":5,"f:22:38:22:39":1,"s:22:48:28:Infinity":6,"s:31:8:31:Infinity":7,"s:32:8:32:Infinity":8}}}
,"/Users/michaelblanco/Desktop/Curso-React/CursoReact/src/gifs/api/giphy.api.ts": {"path":"/Users/michaelblanco/Desktop/Curso-React/CursoReact/src/gifs/api/giphy.api.ts","statementMap":{"0":{"start":{"line":3,"column":24},"end":{"line":9,"column":null}}},"fnMap":{},"branchMap":{},"s":{"0":4},"f":{},"b":{},"meta":{"lastBranch":0,"lastFunction":0,"lastStatement":1,"seen":{"s:3:24:9:Infinity":0}}}
,"/Users/michaelblanco/Desktop/Curso-React/CursoReact/src/gifs/components/GifList.tsx": {"path":"/Users/michaelblanco/Desktop/Curso-React/CursoReact/src/gifs/components/GifList.tsx","statementMap":{"0":{"start":{"line":7,"column":23},"end":{"line":23,"column":null}},"1":{"start":{"line":8,"column":4},"end":{"line":12,"column":38}},"2":{"start":{"line":11,"column":26},"end":{"line":12,"column":38}}},"fnMap":{"0":{"name":"(anonymous_0)","decl":{"start":{"line":7,"column":23},"end":{"line":7,"column":24}},"loc":{"start":{"line":7,"column":39},"end":{"line":23,"column":null}},"line":7},"1":{"name":"(anonymous_1)","decl":{"start":{"line":11,"column":25},"end":{"line":11,"column":26}},"loc":{"start":{"line":11,"column":26},"end":{"line":12,"column":38}},"line":11}},"branchMap":{},"s":{"0":1,"1":1,"2":0},"f":{"0":1,"1":0},"b":{},"meta":{"lastBranch":0,"lastFunction":2,"lastStatement":3,"seen":{"s:7:23:23:Infinity":0,"f:7:23:7:24":0,"s:8:4:12:38":1,"f:11:25:11:26":1,"s:11:26:12:38":2}}}
,"/Users/michaelblanco/Desktop/Curso-React/CursoReact/src/gifs/components/PreviousSearches.tsx": {"path":"/Users/michaelblanco/Desktop/Curso-React/CursoReact/src/gifs/components/PreviousSearches.tsx","statementMap":{"0":{"start":{"line":8,"column":43},"end":{"line":23,"column":null}},"1":{"start":{"line":9,"column":4},"end":{"line":15,"column":null}},"2":{"start":{"line":14,"column":33},"end":{"line":15,"column":null}},"3":{"start":{"line":16,"column":43},"end":{"line":16,"column":null}}},"fnMap":{"0":{"name":"(anonymous_0)","decl":{"start":{"line":8,"column":43},"end":{"line":8,"column":44}},"loc":{"start":{"line":8,"column":72},"end":{"line":23,"column":null}},"line":8},"1":{"name":"(anonymous_1)","decl":{"start":{"line":14,"column":33},"end":{"line":14,"column":null}},"loc":{"start":{"line":14,"column":33},"end":{"line":15,"column":null}},"line":14},"2":{"name":"(anonymous_2)","decl":{"start":{"line":16,"column":37},"end":{"line":16,"column":43}},"loc":{"start":{"line":16,"column":43},"end":{"line":16,"column":null}},"line":16}},"branchMap":{},"s":{"0":1,"1":1,"2":0,"3":0},"f":{"0":1,"1":0,"2":0},"b":{},"meta":{"lastBranch":0,"lastFunction":3,"lastStatement":4,"seen":{"s:8:43:23:Infinity":0,"f:8:43:8:44":0,"s:9:4:15:Infinity":1,"f:14:33:14:Infinity":1,"s:14:33:15:Infinity":2,"f:16:37:16:43":2,"s:16:43:16:Infinity":3}}}
,"/Users/michaelblanco/Desktop/Curso-React/CursoReact/src/gifs/hooks/useGifs.tsx": {"path":"/Users/michaelblanco/Desktop/Curso-React/CursoReact/src/gifs/hooks/useGifs.tsx","statementMap":{"0":{"start":{"line":7,"column":23},"end":{"line":56,"column":null}},"1":{"start":{"line":9,"column":31},"end":{"line":9,"column":null}},"2":{"start":{"line":10,"column":43},"end":{"line":10,"column":null}},"3":{"start":{"line":12,"column":10},"end":{"line":12,"column":null}},"4":{"start":{"line":14,"column":30},"end":{"line":25,"column":null}},"5":{"start":{"line":16,"column":8},"end":{"line":19,"column":null}},"6":{"start":{"line":17,"column":12},"end":{"line":17,"column":null}},"7":{"start":{"line":18,"column":12},"end":{"line":18,"column":null}},"8":{"start":{"line":22,"column":21},"end":{"line":22,"column":null}},"9":{"start":{"line":23,"column":8},"end":{"line":23,"column":null}},"10":{"start":{"line":24,"column":8},"end":{"line":24,"column":null}},"11":{"start":{"line":27,"column":25},"end":{"line":43,"column":null}},"12":{"start":{"line":28,"column":8},"end":{"line":28,"column":null}},"13":{"start":{"line":30,"column":8},"end":{"line":30,"column":null}},"14":{"start":{"line":30,"column":32},"end":{"line":30,"column":null}},"15":{"start":{"line":32,"column":8},"end":{"line":32,"column":null}},"16":{"start":{"line":32,"column":43},"end":{"line":32,"column":null}},"17":{"start":{"line":34,"column":8},"end":{"line":34,"column":null}},"18":{"start":{"line":36,"column":21},"end":{"line":36,"column":null}},"19":{"start":{"line":38,"column":8},"end":{"line":38,"column":null}},"20":{"start":{"line":40,"column":8},"end":{"line":40,"column":null}},"21":{"start":{"line":46,"column":4},"end":{"line":55,"column":null}}},"fnMap":{"0":{"name":"(anonymous_0)","decl":{"start":{"line":7,"column":23},"end":{"line":7,"column":null}},"loc":{"start":{"line":7,"column":23},"end":{"line":56,"column":null}},"line":7},"1":{"name":"(anonymous_1)","decl":{"start":{"line":14,"column":30},"end":{"line":14,"column":37}},"loc":{"start":{"line":14,"column":37},"end":{"line":25,"column":null}},"line":14},"2":{"name":"(anonymous_2)","decl":{"start":{"line":27,"column":25},"end":{"line":27,"column":32}},"loc":{"start":{"line":27,"column":32},"end":{"line":43,"column":null}},"line":27}},"branchMap":{"0":{"loc":{"start":{"line":16,"column":8},"end":{"line":19,"column":null}},"type":"if","locations":[{"start":{"line":16,"column":8},"end":{"line":19,"column":null}},{"start":{},"end":{}}],"line":16},"1":{"loc":{"start":{"line":30,"column":8},"end":{"line":30,"column":null}},"type":"if","locations":[{"start":{"line":30,"column":8},"end":{"line":30,"column":null}},{"start":{},"end":{}}],"line":30},"2":{"loc":{"start":{"line":32,"column":8},"end":{"line":32,"column":null}},"type":"if","locations":[{"start":{"line":32,"column":8},"end":{"line":32,"column":null}},{"start":{},"end":{}}],"line":32}},"s":{"0":2,"1":19,"2":19,"3":19,"4":19,"5":3,"6":1,"7":1,"8":2,"9":2,"10":2,"11":19,"12":10,"13":10,"14":0,"15":10,"16":0,"17":10,"18":10,"19":10,"20":10,"21":19},"f":{"0":19,"1":3,"2":10},"b":{"0":[1,2],"1":[0,10],"2":[0,10]},"meta":{"lastBranch":3,"lastFunction":3,"lastStatement":22,"seen":{"s:7:23:56:Infinity":0,"f:7:23:7:Infinity":0,"s:9:31:9:Infinity":1,"s:10:43:10:Infinity":2,"s:12:10:12:Infinity":3,"s:14:30:25:Infinity":4,"f:14:30:14:37":1,"b:16:8:19:Infinity:undefined:undefined:undefined:undefined":0,"s:16:8:19:Infinity":5,"s:17:12:17:Infinity":6,"s:18:12:18:Infinity":7,"s:22:21:22:Infinity":8,"s:23:8:23:Infinity":9,"s:24:8:24:Infinity":10,"s:27:25:43:Infinity":11,"f:27:25:27:32":2,"s:28:8:28:Infinity":12,"b:30:8:30:Infinity:undefined:undefined:undefined:undefined":1,"s:30:8:30:Infinity":13,"s:30:32:30:Infinity":14,"b:32:8:32:Infinity:undefined:undefined:undefined:undefined":2,"s:32:8:32:Infinity":15,"s:32:43:32:Infinity":16,"s:34:8:34:Infinity":17,"s:36:21:36:Infinity":18,"s:38:8:38:Infinity":19,"s:40:8:40:Infinity":20,"s:46:4:55:Infinity":21}}}
,"/Users/michaelblanco/Desktop/Curso-React/CursoReact/src/shared/components/CustomHeader.tsx": {"path":"/Users/michaelblanco/Desktop/Curso-React/CursoReact/src/shared/components/CustomHeader.tsx","statementMap":{"0":{"start":{"line":7,"column":28},"end":{"line":17,"column":null}},"1":{"start":{"line":8,"column":4},"end":{"line":12,"column":null}}},"fnMap":{"0":{"name":"(anonymous_0)","decl":{"start":{"line":7,"column":28},"end":{"line":7,"column":29}},"loc":{"start":{"line":7,"column":58},"end":{"line":17,"column":null}},"line":7}},"branchMap":{"0":{"loc":{"start":{"line":12,"column":16},"end":{"line":12,"column":null}},"type":"binary-expr","locations":[{"start":{"line":12,"column":16},"end":{"line":12,"column":31}},{"start":{"line":12,"column":16},"end":{"line":12,"column":null}}],"line":12}},"s":{"0":2,"1":4},"f":{"0":4},"b":{"0":[4,2]},"meta":{"lastBranch":1,"lastFunction":1,"lastStatement":2,"seen":{"s:7:28:17:Infinity":0,"f:7:28:7:29":0,"s:8:4:12:Infinity":1,"b:12:16:12:31:12:16:12:Infinity":0}}}
,"/Users/michaelblanco/Desktop/Curso-React/CursoReact/src/shared/components/SearchBar.tsx": {"path":"/Users/michaelblanco/Desktop/Curso-React/CursoReact/src/shared/components/SearchBar.tsx","statementMap":{"0":{"start":{"line":8,"column":25},"end":{"line":53,"column":null}},"1":{"start":{"line":10,"column":27},"end":{"line":10,"column":null}},"2":{"start":{"line":12,"column":4},"end":{"line":25,"column":null}},"3":{"start":{"line":16,"column":26},"end":{"line":18,"column":null}},"4":{"start":{"line":17,"column":12},"end":{"line":17,"column":null}},"5":{"start":{"line":21,"column":8},"end":{"line":23,"column":null}},"6":{"start":{"line":22,"column":12},"end":{"line":22,"column":null}},"7":{"start":{"line":27,"column":25},"end":{"line":30,"column":null}},"8":{"start":{"line":28,"column":8},"end":{"line":28,"column":null}},"9":{"start":{"line":29,"column":8},"end":{"line":29,"column":null}},"10":{"start":{"line":32,"column":26},"end":{"line":36,"column":null}},"11":{"start":{"line":33,"column":8},"end":{"line":35,"column":null}},"12":{"start":{"line":34,"column":12},"end":{"line":34,"column":null}},"13":{"start":{"line":38,"column":4},"end":{"line":50,"column":null}},"14":{"start":{"line":45,"column":37},"end":{"line":45,"column":null}}},"fnMap":{"0":{"name":"(anonymous_0)","decl":{"start":{"line":8,"column":25},"end":{"line":8,"column":26}},"loc":{"start":{"line":8,"column":68},"end":{"line":53,"column":null}},"line":8},"1":{"name":"(anonymous_1)","decl":{"start":{"line":12,"column":14},"end":{"line":12,"column":null}},"loc":{"start":{"line":12,"column":14},"end":{"line":25,"column":7}},"line":12},"2":{"name":"(anonymous_2)","decl":{"start":{"line":16,"column":37},"end":{"line":16,"column":null}},"loc":{"start":{"line":16,"column":37},"end":{"line":18,"column":11}},"line":16},"3":{"name":"(anonymous_3)","decl":{"start":{"line":21,"column":15},"end":{"line":21,"column":null}},"loc":{"start":{"line":21,"column":15},"end":{"line":23,"column":null}},"line":21},"4":{"name":"(anonymous_4)","decl":{"start":{"line":27,"column":25},"end":{"line":27,"column":null}},"loc":{"start":{"line":27,"column":25},"end":{"line":30,"column":null}},"line":27},"5":{"name":"(anonymous_5)","decl":{"start":{"line":32,"column":26},"end":{"line":32,"column":27}},"loc":{"start":{"line":32,"column":27},"end":{"line":36,"column":null}},"line":32},"6":{"name":"(anonymous_6)","decl":{"start":{"line":45,"column":26},"end":{"line":45,"column":27}},"loc":{"start":{"line":45,"column":37},"end":{"line":45,"column":null}},"line":45}},"branchMap":{"0":{"loc":{"start":{"line":8,"column":28},"end":{"line":8,"column":50}},"type":"default-arg","locations":[{"start":{"line":8,"column":42},"end":{"line":8,"column":50}}],"line":8},"1":{"loc":{"start":{"line":33,"column":8},"end":{"line":35,"column":null}},"type":"if","locations":[{"start":{"line":33,"column":8},"end":{"line":35,"column":null}},{"start":{},"end":{}}],"line":33}},"s":{"0":2,"1":13,"2":13,"3":13,"4":2,"5":13,"6":13,"7":13,"8":1,"9":1,"10":13,"11":0,"12":0,"13":13,"14":6},"f":{"0":13,"1":13,"2":2,"3":13,"4":1,"5":0,"6":6},"b":{"0":[13],"1":[0,0]},"meta":{"lastBranch":2,"lastFunction":7,"lastStatement":15,"seen":{"s:8:25:53:Infinity":0,"f:8:25:8:26":0,"b:8:42:8:50":0,"s:10:27:10:Infinity":1,"s:12:4:25:Infinity":2,"f:12:14:12:Infinity":1,"s:16:26:18:Infinity":3,"f:16:37:16:Infinity":2,"s:17:12:17:Infinity":4,"s:21:8:23:Infinity":5,"f:21:15:21:Infinity":3,"s:22:12:22:Infinity":6,"s:27:25:30:Infinity":7,"f:27:25:27:Infinity":4,"s:28:8:28:Infinity":8,"s:29:8:29:Infinity":9,"s:32:26:36:Infinity":10,"f:32:26:32:27":5,"b:33:8:35:Infinity:undefined:undefined:undefined:undefined":1,"s:33:8:35:Infinity":11,"s:34:12:34:Infinity":12,"s:38:4:50:Infinity":13,"f:45:26:45:27":6,"s:45:37:45:Infinity":14}}}
,"/Users/michaelblanco/Desktop/Curso-React/CursoReact/tests/mocks/giphy.response.data.ts": {"path":"/Users/michaelblanco/Desktop/Curso-React/CursoReact/tests/mocks/giphy.response.data.ts","statementMap":{"0":{"start":{"line":1,"column":39},"end":{"line":2016,"column":null}}},"fnMap":{},"branchMap":{},"s":{"0":1},"f":{},"b":{},"meta":{"lastBranch":0,"lastFunction":0,"lastStatement":1,"seen":{"s:1:39:2016:Infinity":0}}}
}
